<?xml version="1.0" encoding="UTF-8"?>
<!-- Generated by org.testng.reporters.JUnitXMLReporter -->
<testsuite ignored="0" hostname="DESKTOP-204UOS4" failures="0" tests="4" name="Default test" time="47.471" errors="0" timestamp="2026-04-13T16:04:25 EEST">
  <testcase classname="sel.sel.FirstTest" name="verifyTitle" time="0.04"/>
  <testcase classname="sel.sel.FirstTest" name="successfulLogin" time="0.999"/>
  <testcase classname="sel.sel.FirstTest" name="wrongPasswordLogin" time="1.289"/>
  <testcase classname="sel.sel.FirstTest" name="emptyFieldsLogin" time="1.021"/>
</testsuite> <!-- Default test -->
