<?xml version="1.0" encoding="UTF-8"?>
<!-- Generated by org.testng.reporters.JUnitReportReporter -->
<testsuite hostname="DESKTOP-204UOS4" failures="0" tests="4" name="sel.sel.FirstTest" time="47.389" errors="0" timestamp="2026-04-13T16:04:25 EEST" skipped="0">
  <testcase classname="sel.sel.FirstTest" name="verifyTitle" time="13.541"/>
  <testcase classname="sel.sel.FirstTest" name="successfulLogin" time="11.236"/>
  <testcase classname="sel.sel.FirstTest" name="wrongPasswordLogin" time="11.895"/>
  <testcase classname="sel.sel.FirstTest" name="emptyFieldsLogin" time="10.717"/>
</testsuite> <!-- sel.sel.FirstTest -->
